c:\$recycle.bin
c:\boot
c:\config.msi
c:\documents and settings
c:\drivers
c:\intel
c:\msocache
c:\perflogs
c:\program files
c:\program files (x86)
c:\programdata
c:\quarantine
c:\recovery
c:\sdi
c:\sybase
c:\system volume information
c:\users
c:\windows
showing path:c:\$windows.~bt
showing path:c:\$windows.~ws
showing path:c:\$winreagent
showing path:c:\android
showing path:c:\apache24
showing path:c:\app
showing path:c:\book reviews
showing path:c:\cobol convert
showing path:c:\cobol2
showing path:c:\downloads
showing path:c:\downloads2
showing path:c:\eclipse
showing path:c:\esd
showing path:c:\exports
showing path:c:\git
showing path:c:\gradel
showing path:c:\human rights letter
showing path:c:\inetpub
showing path:c:\investments
showing path:c:\investmentsapp
showing path:c:\jts
showing path:c:\oldcrapbackup
showing path:c:\onedrivetemp
showing path:c:\project
showing path:c:\projects
showing path:c:\python3
showing path:c:\resume2
showing path:c:\space organization
showing path:c:\temp
showing path:c:\test
showing path:c:\textworlds
showing path:c:\tripstuff
showing path:c:\website
showing path:c:\z390
c:\$recycle.bin
c:\boot
c:\config.msi
c:\documents and settings
c:\drivers
c:\intel
c:\msocache
c:\perflogs
c:\program files
c:\program files (x86)
c:\programdata
c:\quarantine
c:\recovery
c:\sdi
c:\sybase
c:\system volume information
c:\users
c:\windows
showing path:c:\$windows.~bt
showing path:c:\$windows.~ws
showing path:c:\$winreagent
showing path:c:\android
showing path:c:\apache24
showing path:c:\app
showing path:c:\book reviews
showing path:c:\cobol convert
showing path:c:\cobol2
showing path:c:\downloads
showing path:c:\downloads2
showing path:c:\eclipse
showing path:c:\esd
showing path:c:\exports
showing path:c:\git
showing path:c:\gradel
showing path:c:\human rights letter
showing path:c:\inetpub
showing path:c:\investments
showing path:c:\investmentsapp
showing path:c:\jts
showing path:c:\oldcrapbackup
showing path:c:\onedrivetemp
showing path:c:\project
showing path:c:\projects
showing path:c:\python3
showing path:c:\resume2
showing path:c:\space organization
showing path:c:\temp
showing path:c:\test
showing path:c:\textworlds
showing path:c:\tripstuff
showing path:c:\website
showing path:c:\z390
c:\$recycle.bin
c:\boot
c:\config.msi
c:\documents and settings
c:\drivers
c:\intel
c:\msocache
c:\perflogs
c:\program files
c:\program files (x86)
c:\programdata
c:\quarantine
c:\recovery
c:\sdi
c:\sybase
c:\system volume information
c:\users
c:\windows
showing path:c:\$windows.~bt
showing path:c:\$windows.~ws
showing path:c:\$winreagent
showing path:c:\android
showing path:c:\apache24
showing path:c:\app
showing path:c:\book reviews
showing path:c:\cobol convert
showing path:c:\cobol2
showing path:c:\downloads
showing path:c:\downloads2
showing path:c:\eclipse
showing path:c:\esd
showing path:c:\exports
showing path:c:\git
showing path:c:\gradel
showing path:c:\human rights letter
showing path:c:\inetpub
showing path:c:\investments
showing path:c:\investmentsapp
showing path:c:\jts
showing path:c:\oldcrapbackup
showing path:c:\onedrivetemp
showing path:c:\project
showing path:c:\projects
showing path:c:\python3
showing path:c:\resume2
showing path:c:\space organization
showing path:c:\temp
showing path:c:\test
showing path:c:\textworlds
showing path:c:\tripstuff
showing path:c:\website
showing path:c:\z390
c:\$recycle.bin
c:\boot
c:\config.msi
c:\documents and settings
c:\drivers
c:\intel
c:\msocache
c:\perflogs
c:\program files
c:\program files (x86)
c:\programdata
c:\quarantine
c:\recovery
c:\sdi
c:\sybase
c:\system volume information
c:\users
c:\windows
showing path:c:\$windows.~bt
c:\$recycle.bin
c:\boot
c:\config.msi
c:\documents and settings
c:\drivers
c:\intel
c:\msocache
c:\perflogs
c:\program files
c:\program files (x86)
c:\programdata
c:\quarantine
c:\recovery
c:\sdi
c:\sybase
c:\system volume information
c:\users
c:\windows
showing path:c:\$windows.~bt
c:\$recycle.bin
c:\boot
c:\config.msi
c:\documents and settings
c:\drivers
c:\intel
c:\msocache
c:\perflogs
c:\program files
c:\program files (x86)
c:\programdata
c:\quarantine
c:\recovery
c:\sdi
c:\sybase
c:\system volume information
c:\users
c:\windows
showing path:c:\$windows.~bt
showing path:c:\$windows.~ws
showing path:c:\$winreagent
showing path:c:\android
showing path:c:\apache24
showing path:c:\app
showing path:c:\book reviews
showing path:c:\cobol convert
showing path:c:\cobol2
showing path:c:\downloads
showing path:c:\downloads2
showing path:c:\eclipse
showing path:c:\esd
showing path:c:\exports
showing path:c:\git
showing path:c:\gradel
showing path:c:\human rights letter
showing path:c:\inetpub
showing path:c:\investments
showing path:c:\investmentsapp
showing path:c:\jts
showing path:c:\oldcrapbackup
showing path:c:\onedrivetemp
showing path:c:\project
showing path:c:\projects
showing path:c:\python3
showing path:c:\resume2
showing path:c:\space organization
showing path:c:\temp
showing path:c:\test
showing path:c:\textworlds
showing path:c:\tripstuff
showing path:c:\website
showing path:c:\z390
c:\$recycle.bin
c:\boot
c:\config.msi
c:\documents and settings
c:\drivers
c:\intel
c:\msocache
c:\perflogs
c:\program files
c:\program files (x86)
c:\programdata
c:\quarantine
c:\recovery
c:\sdi
c:\sybase
c:\system volume information
c:\users
c:\windows
showing path:c:\$windows.~bt
c:\$recycle.bin
c:\boot
c:\config.msi
c:\documents and settings
c:\drivers
c:\intel
c:\msocache
c:\perflogs
c:\program files
c:\program files (x86)
c:\programdata
c:\quarantine
c:\recovery
c:\sdi
c:\sybase
c:\system volume information
c:\users
c:\windows
showing path:c:\$windows.~bt
showing path:c:\$windows.~ws
showing path:c:\$winreagent
showing path:c:\android
showing path:c:\apache24
showing path:c:\app
showing path:c:\book reviews
showing path:c:\cobol convert
showing path:c:\cobol2
showing path:c:\downloads
showing path:c:\downloads2
showing path:c:\eclipse
showing path:c:\esd
showing path:c:\exports
showing path:c:\git
showing path:c:\gradel
showing path:c:\human rights letter
showing path:c:\inetpub
showing path:c:\investments
showing path:c:\investmentsapp
showing path:c:\jts
showing path:c:\oldcrapbackup
showing path:c:\onedrivetemp
showing path:c:\project
showing path:c:\projects
showing path:c:\python3
showing path:c:\resume2
showing path:c:\space organization
showing path:c:\temp
showing path:c:\test
showing path:c:\textworlds
showing path:c:\tripstuff
showing path:c:\website
showing path:c:\z390
c:\$recycle.bin
c:\boot
c:\config.msi
c:\documents and settings
c:\drivers
c:\intel
c:\msocache
c:\perflogs
c:\program files
c:\program files (x86)
c:\programdata
c:\quarantine
c:\recovery
c:\sdi
c:\sybase
c:\system volume information
c:\users
c:\windows
showing path:c:\$windows.~bt
showing path:c:\$windows.~ws
showing path:c:\$winreagent
showing path:c:\android
showing path:c:\apache24
showing path:c:\app
showing path:c:\book reviews
showing path:c:\cobol convert
showing path:c:\cobol2
showing path:c:\downloads
showing path:c:\downloads2
showing path:c:\eclipse
showing path:c:\esd
showing path:c:\exports
showing path:c:\git
showing path:c:\gradel
showing path:c:\human rights letter
showing path:c:\inetpub
showing path:c:\investments
showing path:c:\investmentsapp
showing path:c:\jts
showing path:c:\oldcrapbackup
showing path:c:\onedrivetemp
showing path:c:\project
showing path:c:\projects
showing path:c:\python3
showing path:c:\resume2
showing path:c:\space organization
showing path:c:\temp
showing path:c:\test
showing path:c:\textworlds
showing path:c:\tripstuff
showing path:c:\website
showing path:c:\z390
c:\$recycle.bin
c:\boot
c:\config.msi
c:\documents and settings
c:\drivers
c:\intel
c:\msocache
c:\perflogs
c:\program files
c:\program files (x86)
c:\programdata
c:\quarantine
c:\recovery
c:\sdi
c:\sybase
c:\system volume information
c:\users
c:\windows
showing path:c:\$windows.~bt
showing path:c:\$windows.~ws
showing path:c:\$winreagent
showing path:c:\android
showing path:c:\apache24
showing path:c:\app
showing path:c:\book reviews
showing path:c:\cobol convert
showing path:c:\cobol2
showing path:c:\downloads
showing path:c:\downloads2
showing path:c:\eclipse
showing path:c:\esd
showing path:c:\exports
showing path:c:\git
showing path:c:\gradel
showing path:c:\human rights letter
showing path:c:\inetpub
showing path:c:\investments
showing path:c:\investmentsapp
showing path:c:\jts
showing path:c:\oldcrapbackup
showing path:c:\onedrivetemp
showing path:c:\project
showing path:c:\projects
showing path:c:\python3
showing path:c:\resume2
showing path:c:\space organization
showing path:c:\temp
showing path:c:\test
showing path:c:\textworlds
showing path:c:\tripstuff
showing path:c:\website
showing path:c:\z390
c:\$recycle.bin
c:\boot
c:\config.msi
c:\documents and settings
c:\drivers
c:\intel
c:\msocache
c:\perflogs
c:\program files
c:\program files (x86)
c:\programdata
c:\quarantine
c:\recovery
c:\sdi
c:\sybase
c:\system volume information
c:\users
c:\windows
showing path:c:\$windows.~bt
showing path:c:\$windows.~ws
showing path:c:\$winreagent
showing path:c:\android
showing path:c:\apache24
showing path:c:\app
showing path:c:\book reviews
showing path:c:\cobol convert
showing path:c:\cobol2
showing path:c:\downloads
showing path:c:\downloads2
showing path:c:\eclipse
showing path:c:\esd
showing path:c:\exports
showing path:c:\git
showing path:c:\gradel
showing path:c:\human rights letter
showing path:c:\inetpub
showing path:c:\investments
showing path:c:\investmentsapp
showing path:c:\jts
showing path:c:\oldcrapbackup
showing path:c:\onedrivetemp
showing path:c:\project
showing path:c:\projects
showing path:c:\python3
showing path:c:\resume2
showing path:c:\space organization
showing path:c:\temp
showing path:c:\test
showing path:c:\textworlds
showing path:c:\tripstuff
showing path:c:\website
showing path:c:\z390
c:\$recycle.bin
c:\boot
c:\config.msi
c:\documents and settings
c:\drivers
c:\intel
c:\msocache
c:\perflogs
c:\program files
c:\program files (x86)
c:\programdata
c:\quarantine
c:\recovery
c:\sdi
c:\sybase
c:\system volume information
c:\users
c:\windows
showing path:c:\$windows.~bt
showing path:c:\$windows.~ws
showing path:c:\$winreagent
showing path:c:\android
showing path:c:\apache24
showing path:c:\app
showing path:c:\book reviews
showing path:c:\cobol convert
showing path:c:\cobol2
showing path:c:\downloads
showing path:c:\downloads2
showing path:c:\eclipse
showing path:c:\esd
showing path:c:\exports
showing path:c:\git
showing path:c:\gradel
showing path:c:\human rights letter
showing path:c:\inetpub
showing path:c:\investments
showing path:c:\investmentsapp
showing path:c:\jts
showing path:c:\oldcrapbackup
showing path:c:\onedrivetemp
showing path:c:\project
showing path:c:\projects
showing path:c:\python3
showing path:c:\resume2
showing path:c:\space organization
showing path:c:\temp
showing path:c:\test
showing path:c:\textworlds
showing path:c:\tripstuff
showing path:c:\website
showing path:c:\z390
c:\$recycle.bin
c:\boot
c:\config.msi
c:\documents and settings
c:\drivers
c:\intel
c:\msocache
c:\perflogs
c:\program files
c:\program files (x86)
c:\programdata
c:\quarantine
c:\recovery
c:\sdi
c:\sybase
c:\system volume information
c:\users
c:\windows
showing path:c:\$windows.~bt
showing path:c:\$windows.~ws
showing path:c:\$winreagent
showing path:c:\android
showing path:c:\apache24
showing path:c:\app
showing path:c:\book reviews
showing path:c:\cobol convert
showing path:c:\cobol2
showing path:c:\downloads
showing path:c:\downloads2
showing path:c:\eclipse
showing path:c:\esd
showing path:c:\exports
showing path:c:\git
showing path:c:\gradel
showing path:c:\human rights letter
showing path:c:\inetpub
showing path:c:\investments
showing path:c:\investmentsapp
showing path:c:\jts
showing path:c:\oldcrapbackup
showing path:c:\onedrivetemp
showing path:c:\project
showing path:c:\projects
showing path:c:\python3
showing path:c:\resume2
showing path:c:\space organization
showing path:c:\temp
showing path:c:\test
showing path:c:\textworlds
showing path:c:\tripstuff
showing path:c:\website
showing path:c:\z390
c:\$recycle.bin
c:\boot
c:\config.msi
c:\documents and settings
c:\drivers
c:\intel
c:\msocache
c:\perflogs
c:\program files
c:\program files (x86)
c:\programdata
c:\quarantine
c:\recovery
c:\sdi
c:\sybase
c:\system volume information
c:\users
c:\windows
showing path:c:\$windows.~bt
showing path:c:\$windows.~ws
showing path:c:\$winreagent
showing path:c:\android
showing path:c:\apache24
showing path:c:\app
showing path:c:\book reviews
showing path:c:\cobol convert
showing path:c:\cobol2
showing path:c:\downloads
showing path:c:\downloads2
showing path:c:\eclipse
showing path:c:\esd
showing path:c:\exports
showing path:c:\git
showing path:c:\gradel
showing path:c:\human rights letter
showing path:c:\inetpub
showing path:c:\investments
showing path:c:\investmentsapp
showing path:c:\jts
showing path:c:\oldcrapbackup
showing path:c:\onedrivetemp
showing path:c:\project
showing path:c:\projects
showing path:c:\python3
showing path:c:\resume2
showing path:c:\space organization
showing path:c:\temp
showing path:c:\test
showing path:c:\textworlds
showing path:c:\tripstuff
showing path:c:\website
showing path:c:\z390
c:\$recycle.bin
c:\boot
c:\config.msi
c:\documents and settings
c:\drivers
c:\intel
c:\msocache
c:\perflogs
c:\program files
c:\program files (x86)
c:\programdata
c:\quarantine
c:\recovery
c:\sdi
c:\sybase
c:\system volume information
c:\users
c:\windows
showing path:c:\$windows.~bt
showing path:c:\$windows.~ws
showing path:c:\$winreagent
showing path:c:\android
showing path:c:\apache24
showing path:c:\app
showing path:c:\book reviews
showing path:c:\cobol convert
showing path:c:\cobol2
showing path:c:\downloads
showing path:c:\downloads2
showing path:c:\eclipse
showing path:c:\esd
showing path:c:\exports
showing path:c:\git
showing path:c:\gradel
showing path:c:\human rights letter
showing path:c:\inetpub
showing path:c:\investments
showing path:c:\investmentsapp
showing path:c:\jts
showing path:c:\oldcrapbackup
showing path:c:\onedrivetemp
showing path:c:\project
showing path:c:\projects
showing path:c:\python3
showing path:c:\resume2
showing path:c:\space organization
showing path:c:\temp
showing path:c:\test
showing path:c:\textworlds
showing path:c:\tripstuff
showing path:c:\website
showing path:c:\z390
c:\$recycle.bin
c:\boot
c:\config.msi
c:\documents and settings
c:\drivers
c:\intel
c:\msocache
c:\perflogs
c:\program files
c:\program files (x86)
c:\programdata
c:\quarantine
c:\recovery
c:\sdi
c:\sybase
c:\system volume information
c:\users
c:\windows
showing path:c:\$windows.~bt
showing path:c:\$windows.~ws
showing path:c:\$winreagent
showing path:c:\android
showing path:c:\apache24
showing path:c:\app
showing path:c:\book reviews
showing path:c:\cobol convert
showing path:c:\cobol2
showing path:c:\downloads
showing path:c:\downloads2
showing path:c:\eclipse
showing path:c:\esd
showing path:c:\exports
showing path:c:\git
showing path:c:\gradel
showing path:c:\human rights letter
showing path:c:\inetpub
showing path:c:\investments
showing path:c:\investmentsapp
showing path:c:\jts
showing path:c:\oldcrapbackup
showing path:c:\onedrivetemp
showing path:c:\project
showing path:c:\projects
showing path:c:\python3
showing path:c:\resume2
showing path:c:\space organization
showing path:c:\temp
showing path:c:\test
showing path:c:\textworlds
showing path:c:\tripstuff
showing path:c:\website
showing path:c:\z390
c:\$recycle.bin
c:\boot
c:\config.msi
c:\documents and settings
c:\drivers
c:\intel
c:\msocache
c:\perflogs
c:\program files
c:\program files (x86)
c:\programdata
c:\quarantine
c:\recovery
c:\sdi
c:\sybase
c:\system volume information
c:\users
c:\windows
showing path:c:\$windows.~bt
showing path:c:\$windows.~ws
showing path:c:\$winreagent
showing path:c:\android
showing path:c:\apache24
showing path:c:\app
showing path:c:\book reviews
showing path:c:\cobol convert
showing path:c:\cobol2
showing path:c:\downloads
showing path:c:\downloads2
showing path:c:\eclipse
showing path:c:\esd
showing path:c:\exports
showing path:c:\git
showing path:c:\gradel
showing path:c:\human rights letter
showing path:c:\inetpub
showing path:c:\investments
showing path:c:\investmentsapp
showing path:c:\jts
showing path:c:\oldcrapbackup
showing path:c:\onedrivetemp
showing path:c:\project
showing path:c:\projects
showing path:c:\python3
showing path:c:\resume2
showing path:c:\space organization
showing path:c:\temp
showing path:c:\test
showing path:c:\textworlds
showing path:c:\tripstuff
showing path:c:\website
showing path:c:\z390
c:\$recycle.bin
c:\boot
c:\config.msi
c:\documents and settings
c:\drivers
c:\intel
c:\msocache
c:\perflogs
c:\program files
c:\program files (x86)
c:\programdata
c:\quarantine
c:\recovery
c:\sdi
c:\sybase
c:\system volume information
c:\users
c:\windows
showing path:c:\$windows.~bt
showing path:c:\$windows.~ws
showing path:c:\$winreagent
showing path:c:\android
showing path:c:\apache24
showing path:c:\app
showing path:c:\book reviews
showing path:c:\cobol convert
showing path:c:\cobol2
showing path:c:\downloads
showing path:c:\downloads2
showing path:c:\eclipse
showing path:c:\esd
showing path:c:\exports
showing path:c:\git
showing path:c:\gradel
showing path:c:\human rights letter
showing path:c:\inetpub
showing path:c:\investments
showing path:c:\investmentsapp
showing path:c:\jts
showing path:c:\oldcrapbackup
showing path:c:\onedrivetemp
showing path:c:\project
showing path:c:\projects
showing path:c:\python3
showing path:c:\resume2
showing path:c:\space organization
showing path:c:\temp
showing path:c:\test
showing path:c:\textworlds
showing path:c:\tripstuff
showing path:c:\website
showing path:c:\z390
c:\$recycle.bin
c:\boot
c:\config.msi
c:\documents and settings
c:\drivers
c:\intel
c:\msocache
c:\perflogs
c:\program files
c:\program files (x86)
c:\programdata
c:\quarantine
c:\recovery
c:\sdi
c:\sybase
c:\system volume information
c:\users
c:\windows
showing path:c:\$windows.~bt
showing path:c:\$windows.~ws
showing path:c:\$winreagent
showing path:c:\android
showing path:c:\apache24
showing path:c:\app
showing path:c:\book reviews
showing path:c:\cobol convert
showing path:c:\cobol2
showing path:c:\downloads
showing path:c:\downloads2
showing path:c:\eclipse
showing path:c:\esd
showing path:c:\exports
showing path:c:\git
showing path:c:\gradel
showing path:c:\human rights letter
showing path:c:\inetpub
showing path:c:\investments
showing path:c:\investmentsapp
showing path:c:\jts
showing path:c:\oldcrapbackup
showing path:c:\onedrivetemp
showing path:c:\project
showing path:c:\projects
showing path:c:\python3
showing path:c:\resume2
showing path:c:\space organization
showing path:c:\temp
showing path:c:\test
showing path:c:\textworlds
showing path:c:\tripstuff
showing path:c:\website
showing path:c:\z390
